Unity Editor version:    6000.3.0f1 (d1870ce95baf)
Branch:                  6000.3/staging
Build type:              Release
Batch mode:              YES
macOS version:           Version 12.7.6 (Build 21H1320)
Darwin version:          21.6.0
Architecture:            x86_64
Running under Rosetta:   NO
Available memory:        16384 MB
Date:                    2025-12-10T03:59:16Z
[Licensing::Module] Trying to connect to existing licensing client channel...
[Licensing::IpcConnector] Successfully connected to: "LicenseClient-Richard_Shi_Ad" at "2025-12-10T03:59:16.461985Z"

COMMAND LINE ARGUMENTS:
/Applications/Unity/Hub/Editor/6000.3.0f1/Unity.app/Contents/MacOS/Unity
-adb2
-batchMode
-noUpm
-name
AssetImportWorker14
-projectPath
/Users/Richard_Shi_Ad/Documents/1Work/UCI/MDP/mdp
-logFile
Logs/AssetImportWorker14.log
-srvPort
61038
-licensingIpc
LicenseClient-Richard_Shi_Ad
-job-worker-count
3
-background-job-worker-count
8
-gc-helper-count
1
-name AssetImport
Successfully changed project path to: /Users/Richard_Shi_Ad/Documents/1Work/UCI/MDP/mdp
/Users/Richard_Shi_Ad/Documents/1Work/UCI/MDP/mdp
[UnityMemory] Configuration Parameters - Can be set up in boot.config
    "memorysetup-allocator-temp-initial-block-size-main=262144"
    "memorysetup-allocator-temp-initial-block-size-worker=262144"
    "memorysetup-temp-allocator-size-background-worker=32768"
    "memorysetup-temp-allocator-size-job-worker=262144"
    "memorysetup-temp-allocator-size-preload-manager=33554432"
    "memorysetup-temp-allocator-size-nav-mesh-worker=65536"
    "memorysetup-temp-allocator-size-audio-worker=65536"
    "memorysetup-temp-allocator-size-cloud-worker=32768"
    "memorysetup-temp-allocator-size-gi-baking-worker=262144"
    "memorysetup-temp-allocator-size-gi-baking-worker=262144"
    "memorysetup-temp-allocator-size-gi-baking-worker=262144"
    "memorysetup-temp-allocator-size-gi-baking-worker=262144"
    "memorysetup-temp-allocator-size-gi-baking-worker=262144"
    "memorysetup-bucket-allocator-granularity=16"
    "memorysetup-bucket-allocator-bucket-count=8"
    "memorysetup-bucket-allocator-block-size=33554432"
    "memorysetup-bucket-allocator-block-count=8"
    "memorysetup-main-allocator-block-size=16777216"
    "memorysetup-thread-allocator-block-size=16777216"
    "memorysetup-gfx-main-allocator-block-size=16777216"
    "memorysetup-gfx-thread-allocator-block-size=16777216"
    "memorysetup-cache-allocator-block-size=4194304"
    "memorysetup-typetree-allocator-block-size=2097152"
    "memorysetup-profiler-bucket-allocator-granularity=16"
    "memorysetup-profiler-bucket-allocator-bucket-count=8"
    "memorysetup-profiler-bucket-allocator-block-size=33554432"
    "memorysetup-profiler-bucket-allocator-block-count=8"
    "memorysetup-profiler-allocator-block-size=16777216"
    "memorysetup-profiler-editor-allocator-block-size=1048576"
    "memorysetup-temp-allocator-size-main=16777216"
    "memorysetup-job-temp-allocator-block-size=2097152"
    "memorysetup-job-temp-allocator-block-size-background=1048576"
    "memorysetup-job-temp-allocator-reduction-small-platforms=262144"
    "memorysetup-temp-allocator-size-gfx=262144"
Player connection [4738663936]  Target information:

Player connection [4738663936]  * "[IP] 192.168.0.61 [Port] 0 [Flags] 2 [Guid] 2606312046 [EditorId] 2606312046 [Version] 1048832 [Id] OSXEditor(0,Qis-MacBook-Pro.local) [Debug] 1 [PackageName] OSXEditor [ProjectName] Editor" 

Player connection [4738663936] Host joined multi-casting on [225.0.0.222:54997]...
Player connection [4738663936] Host joined alternative multi-casting on [225.0.0.222:34997]...
JobSystem: Creating JobQueue using job-worker-count value 3
Input System module state changed to: Initialized.
[Physics::Module] Initialized fallback backend.
[Physics::Module] Id: 0xdecafbad
Library Redirect Path: Library/
[Physics::Module] Selected backend.
[Physics::Module] Name: PhysX
[Physics::Module] Id: 0xf2b8ea05
[Physics::Module] SDK Version: 4.1.2
[Physics::Module] Integration Version: 1.0.0
[Physics::Module] Threading Mode: Multi-Threaded
[Licensing::Module] Licensing is not yet initialized.
[Licensing::Client] Code 10 while verifying Licensing Client signature (process Id: 15300, path: "/Applications/Unity Hub.app/Contents/Frameworks/UnityLicensingClient_V1.app/Contents/MacOS/Unity.Licensing.Client")
[Licensing::Module] LicensingClient has failed validation; ignoring
[Licensing::Client] Error: HandshakeResponse reported an error:
	ResponseCode: 505
	ResponseStatus: Unsupported protocol version '1.17.4'.
[Licensing::Module] Error: Failed to handshake to channel: "LicenseClient-Richard_Shi_Ad"
[Licensing::IpcConnector] LicenseClient-Richard_Shi_Ad channel disconnected successfully.
[Licensing::IpcConnector] Successfully connected to: "LicenseClient-Richard_Shi_Ad-6000.3.0" at "2025-12-10T03:59:17.891326Z"
[Licensing::Client] Code 1 while verifying Licensing Client signature (process Id: 43349, path: "/Applications/Unity/Hub/Editor/6000.3.0f1/Unity.app/Contents/Helpers/UnityLicensingClient.app/Contents/MacOS/Unity.Licensing.Client")
[Licensing::Module] LicensingClient has failed validation; ignoring
[Licensing::Client] Handshaking with LicensingClient:
  Version:                 1.17.4+4293ba1
  Session Id:              4c37bcffd5ad457db8edccb5d05a0a1f
  Correlation Id:          cd1aad04e275844093e359af278e28f2
  External correlation Id: 645093656331233850
  Machine Id:              gPfBstgPqUMnTUGwB5/vfd38yko=
[Licensing::Module] Successfully connected to LicensingClient on channel: "LicenseClient-Richard_Shi_Ad-6000.3.0" (connect: 0.00s, validation: 0.00s, handshake: 0.02s)
[Licensing::IpcConnector] Successfully connected to: "LicenseClient-Richard_Shi_Ad-6000.3.0-notifications" at "2025-12-10T03:59:17.909262Z"
[Licensing::Module] Licensing Background thread has ended after 1.45s
[Licensing::Module] Licensing is initialized (took 1.08s).
[Licensing::Client] Successfully resolved entitlement details
[Licensing::Module] License group:
  Id: F4-FMYS-G9A7-44T7-QAB5-XXXX
  Product: Unity Personal
  Type: ULF
  Expiration: Unlimited
Refreshing native plugins compatible for Editor in 2.91 ms, found 1 plugins.
Preloading 0 native plugins for Editor in 0.00 ms.
Initialize engine version: 6000.3.0f1 (d1870ce95baf)
[Subsystems] Discovering subsystems at path /Applications/Unity/Hub/Editor/6000.3.0f1/Unity.app/Contents/Resources/UnitySubsystems
[Subsystems] Discovering subsystems at path /Users/Richard_Shi_Ad/Documents/1Work/UCI/MDP/mdp/Assets
GfxDevice: creating device client; kGfxThreadingModeNonThreaded
Color LCD preferred device: Intel Iris Pro Graphics (low power)
Metal devices available: 2
0: AMD Radeon R9 M370X (high power)
1: Intel Iris Pro Graphics (low power)
Using device AMD Radeon R9 M370X (high power)
Initializing Metal device caps: AMD Radeon R9 M370X
Mac GPU Family: 2
Apple GPU Family: 0
MSL Version: 2.4
Has Float MSAA: 1
Has Float Filtering: 1
ReadWrite Texture Tier: 2
Shader 'Self-Illumin/Parallax Specular (No Alpha)': fallback shader 'Self-Illumin/Bumped Specular (No Alpha)' not found
Shader 'Self-Illumin/Parallax Diffuse (No Alpha)': fallback shader 'Self-Illumin/Bumped Diffuse (No Alpha)' not found
Initialize mono
Mono path[0] = '/Applications/Unity/Hub/Editor/6000.3.0f1/Unity.app/Contents/Resources/Scripting/Managed'
Mono path[1] = '/Applications/Unity/Hub/Editor/6000.3.0f1/Unity.app/Contents/Resources/Scripting/MonoBleedingEdge/lib/mono/unityjit-macos'
Mono config path = '/Applications/Unity/Hub/Editor/6000.3.0f1/Unity.app/Contents/Resources/Scripting/MonoBleedingEdge/etc'
Using monoOptions --debugger-agent=transport=dt_socket,embedding=1,server=y,suspend=n,address=127.0.0.1:56785
Begin MonoManager ReloadAssembly
Registering precompiled unity dll's ...
Register platform support module: /Applications/Unity/Hub/Editor/6000.3.0f1/Unity.app/Contents/PlaybackEngines/MacStandaloneSupport/UnityEditor.OSXStandalone.Extensions.dll
Register platform support module: /Applications/Unity/Hub/Editor/6000.3.0f1/PlaybackEngines/iOSSupport/UnityEditor.iOS.Extensions.dll
Registered in 0.000697 seconds.
- Loaded All Assemblies, in  0.737 seconds
[usbmuxd] Start listen thread
[usbmuxd] Listen thread started
[usbmuxd] Send listen message
Native extension for iOS target not found
Native extension for OSXStandalone target not found
Mono: successfully reloaded assembly
- Finished resetting the current domain, in  0.930 seconds
Domain Reload Profiling: 1667ms
	BeginReloadAssembly (204ms)
		ExecutionOrderSort (0ms)
		DisableScriptedObjects (0ms)
		BackupInstance (0ms)
		ReleaseScriptingObjects (0ms)
		CreateAndSetChildDomain (1ms)
	RebuildCommonClasses (82ms)
	RebuildNativeTypeToScriptingClass (27ms)
	initialDomainReloadingComplete (73ms)
	LoadAllAssembliesAndSetupDomain (351ms)
		LoadAssemblies (204ms)
		RebuildTransferFunctionScriptingTraits (0ms)
		AnalyzeDomain (346ms)
			TypeCache.Refresh (342ms)
				TypeCache.ScanAssembly (317ms)
			BuildScriptInfoCaches (0ms)
			ResolveRequiredComponents (1ms)
	FinalizeReload (931ms)
		ReleaseScriptCaches (0ms)
		RebuildScriptCaches (0ms)
		SetupLoadedEditorAssemblies (857ms)
			LogAssemblyErrors (0ms)
			InitializePlatformSupportModulesInManaged (147ms)
			SetLoadedEditorAssemblies (7ms)
			BeforeProcessingInitializeOnLoad (254ms)
			ProcessInitializeOnLoadAttributes (308ms)
			ProcessInitializeOnLoadMethodAttributes (141ms)
			AfterProcessingInitializeOnLoad (0ms)
			EditorAssembliesLoaded (0ms)
		ExecutionOrderSort2 (0ms)
		AwakeInstancesAfterBackupRestoration (0ms)
[CoreBusinessMetrics] Unexpected thread when updating session info.
========================================================================
Worker process is ready to serve import requests
Import Worker Mode flag is 0x00
Begin MonoManager ReloadAssembly
[Licensing::Client] Successfully resolved entitlement details
Symbol file LoadedFromMemory is not a mono symbol file
- Loaded All Assemblies, in  1.080 seconds
Refreshing native plugins compatible for Editor in 2.50 ms, found 1 plugins.
Native extension for iOS target not found
Native extension for OSXStandalone target not found
Package Manager log level set to [2]
[Package Manager] Failed to launch server process. Reason: Unity was launched with the -noUpm command-line argument
[Package Manager] Unable to send message (not connected to server process).
[Package Manager] Cannot connect to Unity Package Manager local server
Mono: successfully reloaded assembly
- Finished resetting the current domain, in  1.517 seconds
Domain Reload Profiling: 2595ms
	BeginReloadAssembly (265ms)
		ExecutionOrderSort (0ms)
		DisableScriptedObjects (11ms)
		BackupInstance (0ms)
		ReleaseScriptingObjects (0ms)
		CreateAndSetChildDomain (89ms)
	RebuildCommonClasses (80ms)
	RebuildNativeTypeToScriptingClass (25ms)
	initialDomainReloadingComplete (57ms)
	LoadAllAssembliesAndSetupDomain (650ms)
		LoadAssemblies (473ms)
		RebuildTransferFunctionScriptingTraits (0ms)
		AnalyzeDomain (271ms)
			TypeCache.Refresh (206ms)
				TypeCache.ScanAssembly (181ms)
			BuildScriptInfoCaches (48ms)
			ResolveRequiredComponents (10ms)
	FinalizeReload (1517ms)
		ReleaseScriptCaches (0ms)
		RebuildScriptCaches (0ms)
		SetupLoadedEditorAssemblies (1304ms)
			LogAssemblyErrors (0ms)
			InitializePlatformSupportModulesInManaged (20ms)
			SetLoadedEditorAssemblies (6ms)
			BeforeProcessingInitializeOnLoad (385ms)
			ProcessInitializeOnLoadAttributes (533ms)
			ProcessInitializeOnLoadMethodAttributes (358ms)
			AfterProcessingInitializeOnLoad (2ms)
			EditorAssembliesLoaded (0ms)
		ExecutionOrderSort2 (0ms)
		AwakeInstancesAfterBackupRestoration (5ms)
WARNING: Shader Unsupported: 'Legacy Shaders/Lightmapped/Specular (No Alpha)' - All subshaders removed
WARNING: Shader Did you use #pragma only_renderers and omit this platform?
WARNING: Shader If subshaders removal was intentional, you may have forgotten turning Fallback off?
WARNING: Shader Unsupported: 'Legacy Shaders/Lightmapped/Specular (No Alpha)' - All subshaders removed
WARNING: Shader Did you use #pragma only_renderers and omit this platform?
WARNING: Shader If subshaders removal was intentional, you may have forgotten turning Fallback off?
WARNING: Shader Unsupported: 'Legacy Shaders/Lightmapped/Specular (Glow)' - All subshaders removed
WARNING: Shader Did you use #pragma only_renderers and omit this platform?
WARNING: Shader If subshaders removal was intentional, you may have forgotten turning Fallback off?
WARNING: Shader Unsupported: 'Legacy Shaders/Lightmapped/Specular (Glow)' - All subshaders removed
WARNING: Shader Did you use #pragma only_renderers and omit this platform?
WARNING: Shader If subshaders removal was intentional, you may have forgotten turning Fallback off?
WARNING: Shader Unsupported: 'Reflective/Bumped VertexLit (No Alpha)' - All subshaders removed
WARNING: Shader Did you use #pragma only_renderers and omit this platform?
WARNING: Shader If subshaders removal was intentional, you may have forgotten turning Fallback off?
WARNING: Shader Unsupported: 'Reflective/Bumped VertexLit (No Alpha)' - All subshaders removed
WARNING: Shader Did you use #pragma only_renderers and omit this platform?
WARNING: Shader If subshaders removal was intentional, you may have forgotten turning Fallback off?
WARNING: Shader Unsupported: 'Reflective/Bumped VertexLit (Glow)' - All subshaders removed
WARNING: Shader Did you use #pragma only_renderers and omit this platform?
WARNING: Shader If subshaders removal was intentional, you may have forgotten turning Fallback off?
WARNING: Shader Unsupported: 'Reflective/Bumped VertexLit (Glow)' - All subshaders removed
WARNING: Shader Did you use #pragma only_renderers and omit this platform?
WARNING: Shader If subshaders removal was intentional, you may have forgotten turning Fallback off?
WARNING: Shader Unsupported: 'Legacy Shaders/Diffuse Fast (Glow)' - All subshaders removed
WARNING: Shader Did you use #pragma only_renderers and omit this platform?
WARNING: Shader If subshaders removal was intentional, you may have forgotten turning Fallback off?
WARNING: Shader Unsupported: 'Legacy Shaders/Diffuse Fast (Glow)' - All subshaders removed
WARNING: Shader Did you use #pragma only_renderers and omit this platform?
WARNING: Shader If subshaders removal was intentional, you may have forgotten turning Fallback off?
WARNING: Shader Unsupported: 'Legacy Shaders/Lightmapped/Bumped Specular (No Alpha)' - All subshaders removed
WARNING: Shader Did you use #pragma only_renderers and omit this platform?
WARNING: Shader If subshaders removal was intentional, you may have forgotten turning Fallback off?
WARNING: Shader Unsupported: 'Legacy Shaders/Lightmapped/Bumped Specular (No Alpha)' - All subshaders removed
WARNING: Shader Did you use #pragma only_renderers and omit this platform?
WARNING: Shader If subshaders removal was intentional, you may have forgotten turning Fallback off?
WARNING: Shader Unsupported: 'Legacy Shaders/Diffuse Fast (No Alpha)' - All subshaders removed
WARNING: Shader Did you use #pragma only_renderers and omit this platform?
WARNING: Shader If subshaders removal was intentional, you may have forgotten turning Fallback off?
WARNING: Shader Unsupported: 'Legacy Shaders/Diffuse Fast (No Alpha)' - All subshaders removed
WARNING: Shader Did you use #pragma only_renderers and omit this platform?
WARNING: Shader If subshaders removal was intentional, you may have forgotten turning Fallback off?
WARNING: Shader Unsupported: 'Legacy Shaders/Lightmapped/Bumped Specular (Glow)' - All subshaders removed
WARNING: Shader Did you use #pragma only_renderers and omit this platform?
WARNING: Shader If subshaders removal was intentional, you may have forgotten turning Fallback off?
WARNING: Shader Unsupported: 'Legacy Shaders/Lightmapped/Bumped Specular (Glow)' - All subshaders removed
WARNING: Shader Did you use #pragma only_renderers and omit this platform?
WARNING: Shader If subshaders removal was intentional, you may have forgotten turning Fallback off?
Shader 'Self-Illumin/Parallax Diffuse (No Alpha)': fallback shader 'Self-Illumin/Bumped Diffuse (No Alpha)' not found
Shader 'Self-Illumin/Parallax Specular (No Alpha)': fallback shader 'Self-Illumin/Bumped Specular (No Alpha)' not found
Launching external process: /Applications/Unity/Hub/Editor/6000.3.0f1/Unity.app/Contents/Helpers/UnityShaderCompiler
Launched and connected shader compiler UnityShaderCompiler after 0.09 seconds
Refreshing native plugins compatible for Editor in 2.27 ms, found 1 plugins.
Preloading 0 native plugins for Editor in 0.00 ms.
Unloading 9 Unused Serialized files (Serialized files now loaded: 0)
Unloading 3290 unused Assets / (4.0 MB). Loaded Objects now: 3992.
Memory consumption went from 293.7 MB to 289.7 MB.
Total: 18.536263 ms (FindLiveObjects: 0.627057 ms CreateObjectMapping: 0.742456 ms MarkObjects: 13.616423 ms  DeleteObjects: 3.549042 ms)

========================================================================
Received Prepare
Begin MonoManager ReloadAssembly
Symbol file LoadedFromMemory is not a mono symbol file
- Loaded All Assemblies, in  1.181 seconds
Refreshing native plugins compatible for Editor in 4.47 ms, found 1 plugins.
Native extension for iOS target not found
Native extension for OSXStandalone target not found
[Package Manager] Failed to launch server process. Reason: Unity was launched with the -noUpm command-line argument
[Package Manager] Unable to send message (not connected to server process).
[Package Manager] Cannot connect to Unity Package Manager local server
Mono: successfully reloaded assembly
- Finished resetting the current domain, in  2.224 seconds
Domain Reload Profiling: 3409ms
	BeginReloadAssembly (313ms)
		ExecutionOrderSort (0ms)
		DisableScriptedObjects (15ms)
		BackupInstance (0ms)
		ReleaseScriptingObjects (0ms)
		CreateAndSetChildDomain (133ms)
	RebuildCommonClasses (79ms)
	RebuildNativeTypeToScriptingClass (29ms)
	initialDomainReloadingComplete (37ms)
	LoadAllAssembliesAndSetupDomain (726ms)
		LoadAssemblies (582ms)
		RebuildTransferFunctionScriptingTraits (0ms)
		AnalyzeDomain (238ms)
			TypeCache.Refresh (11ms)
				TypeCache.ScanAssembly (0ms)
			BuildScriptInfoCaches (209ms)
			ResolveRequiredComponents (10ms)
	FinalizeReload (2226ms)
		ReleaseScriptCaches (0ms)
		RebuildScriptCaches (0ms)
		SetupLoadedEditorAssemblies (1928ms)
			LogAssemblyErrors (0ms)
			InitializePlatformSupportModulesInManaged (22ms)
			SetLoadedEditorAssemblies (8ms)
			BeforeProcessingInitializeOnLoad (444ms)
			ProcessInitializeOnLoadAttributes (780ms)
			ProcessInitializeOnLoadMethodAttributes (671ms)
			AfterProcessingInitializeOnLoad (3ms)
			EditorAssembliesLoaded (1ms)
		ExecutionOrderSort2 (0ms)
		AwakeInstancesAfterBackupRestoration (10ms)
WARNING: Shader Unsupported: 'Legacy Shaders/Lightmapped/Specular (No Alpha)' - All subshaders removed
WARNING: Shader Did you use #pragma only_renderers and omit this platform?
WARNING: Shader If subshaders removal was intentional, you may have forgotten turning Fallback off?
WARNING: Shader Unsupported: 'Legacy Shaders/Lightmapped/Specular (No Alpha)' - All subshaders removed
WARNING: Shader Did you use #pragma only_renderers and omit this platform?
WARNING: Shader If subshaders removal was intentional, you may have forgotten turning Fallback off?
WARNING: Shader Unsupported: 'Legacy Shaders/Lightmapped/Specular (Glow)' - All subshaders removed
WARNING: Shader Did you use #pragma only_renderers and omit this platform?
WARNING: Shader If subshaders removal was intentional, you may have forgotten turning Fallback off?
WARNING: Shader Unsupported: 'Legacy Shaders/Lightmapped/Specular (Glow)' - All subshaders removed
WARNING: Shader Did you use #pragma only_renderers and omit this platform?
WARNING: Shader If subshaders removal was intentional, you may have forgotten turning Fallback off?
WARNING: Shader Unsupported: 'Reflective/Bumped VertexLit (No Alpha)' - All subshaders removed
WARNING: Shader Did you use #pragma only_renderers and omit this platform?
WARNING: Shader If subshaders removal was intentional, you may have forgotten turning Fallback off?
WARNING: Shader Unsupported: 'Reflective/Bumped VertexLit (No Alpha)' - All subshaders removed
WARNING: Shader Did you use #pragma only_renderers and omit this platform?
WARNING: Shader If subshaders removal was intentional, you may have forgotten turning Fallback off?
WARNING: Shader Unsupported: 'Reflective/Bumped VertexLit (Glow)' - All subshaders removed
WARNING: Shader Did you use #pragma only_renderers and omit this platform?
WARNING: Shader If subshaders removal was intentional, you may have forgotten turning Fallback off?
WARNING: Shader Unsupported: 'Reflective/Bumped VertexLit (Glow)' - All subshaders removed
WARNING: Shader Did you use #pragma only_renderers and omit this platform?
WARNING: Shader If subshaders removal was intentional, you may have forgotten turning Fallback off?
WARNING: Shader Unsupported: 'Legacy Shaders/Diffuse Fast (Glow)' - All subshaders removed
WARNING: Shader Did you use #pragma only_renderers and omit this platform?
WARNING: Shader If subshaders removal was intentional, you may have forgotten turning Fallback off?
WARNING: Shader Unsupported: 'Legacy Shaders/Diffuse Fast (Glow)' - All subshaders removed
WARNING: Shader Did you use #pragma only_renderers and omit this platform?
WARNING: Shader If subshaders removal was intentional, you may have forgotten turning Fallback off?
WARNING: Shader Unsupported: 'Legacy Shaders/Lightmapped/Bumped Specular (No Alpha)' - All subshaders removed
WARNING: Shader Did you use #pragma only_renderers and omit this platform?
WARNING: Shader If subshaders removal was intentional, you may have forgotten turning Fallback off?
WARNING: Shader Unsupported: 'Legacy Shaders/Lightmapped/Bumped Specular (No Alpha)' - All subshaders removed
WARNING: Shader Did you use #pragma only_renderers and omit this platform?
WARNING: Shader If subshaders removal was intentional, you may have forgotten turning Fallback off?
WARNING: Shader Unsupported: 'Legacy Shaders/Diffuse Fast (No Alpha)' - All subshaders removed
WARNING: Shader Did you use #pragma only_renderers and omit this platform?
WARNING: Shader If subshaders removal was intentional, you may have forgotten turning Fallback off?
WARNING: Shader Unsupported: 'Legacy Shaders/Diffuse Fast (No Alpha)' - All subshaders removed
WARNING: Shader Did you use #pragma only_renderers and omit this platform?
WARNING: Shader If subshaders removal was intentional, you may have forgotten turning Fallback off?
WARNING: Shader Unsupported: 'Legacy Shaders/Lightmapped/Bumped Specular (Glow)' - All subshaders removed
WARNING: Shader Did you use #pragma only_renderers and omit this platform?
WARNING: Shader If subshaders removal was intentional, you may have forgotten turning Fallback off?
WARNING: Shader Unsupported: 'Legacy Shaders/Lightmapped/Bumped Specular (Glow)' - All subshaders removed
WARNING: Shader Did you use #pragma only_renderers and omit this platform?
WARNING: Shader If subshaders removal was intentional, you may have forgotten turning Fallback off?
Shader 'Self-Illumin/Parallax Diffuse (No Alpha)': fallback shader 'Self-Illumin/Bumped Diffuse (No Alpha)' not found
Shader 'Self-Illumin/Parallax Specular (No Alpha)': fallback shader 'Self-Illumin/Bumped Specular (No Alpha)' not found
Refreshing native plugins compatible for Editor in 5.56 ms, found 1 plugins.
Preloading 0 native plugins for Editor in 0.00 ms.
Unloading 9 Unused Serialized files (Serialized files now loaded: 0)
Unloading 3288 unused Assets / (3.6 MB). Loaded Objects now: 3993.
Memory consumption went from 292.1 MB to 288.5 MB.
Total: 37.672572 ms (FindLiveObjects: 0.719501 ms CreateObjectMapping: 0.739681 ms MarkObjects: 31.046564 ms  DeleteObjects: 5.164755 ms)

Prepare: number of updated asset objects reloaded= 0
========================================================================
Received Import Request.
  Time since last request: 65480.684774 seconds.
  path: Assets/EndScreenAssets/Audio/Ending 1.mp3
  artifactKey: Guid(fa1ea1e26ac80ec409cab2f89b011d36) Importer(815301076,1909f56bfc062723c751e8b465ee728b)
Start importing Assets/EndScreenAssets/Audio/Ending 1.mp3 using Guid(fa1ea1e26ac80ec409cab2f89b011d36) Importer(815301076,1909f56bfc062723c751e8b465ee728b) (PreviewImporter) -> (artifact id: '05d4fc8d300ac821ef48a275db44da18') in 0.481189582 seconds
Number of updated asset objects reloaded before import = 0Number of asset objects unloaded after import = 2

========================================================================
Received Import Request.
  Time since last request: 0.000077 seconds.
  path: Assets/Glow Effect/Demo/Materials/GlowBuildingAlphaBlend.mat
  artifactKey: Guid(fa19dbe1c74f1804ea9a7a452faa9879) Importer(815301076,1909f56bfc062723c751e8b465ee728b)
Start importing Assets/Glow Effect/Demo/Materials/GlowBuildingAlphaBlend.mat using Guid(fa19dbe1c74f1804ea9a7a452faa9879) Importer(815301076,1909f56bfc062723c751e8b465ee728b) (PreviewImporter) -> (artifact id: 'ca8074590fb28a755ed6d35ee99b4be1') in 0.193255164 seconds
Number of updated asset objects reloaded before import = 0Number of asset objects unloaded after import = 3

========================================================================
Received Import Request.
  Time since last request: 0.000064 seconds.
  path: Assets/Stomach Assets/5.24.2016New Zyme/zymedefend_relief01.png
  artifactKey: Guid(367b1ff053a92429aaf23a5d4e61cfbb) Importer(815301076,1909f56bfc062723c751e8b465ee728b)
Start importing Assets/Stomach Assets/5.24.2016New Zyme/zymedefend_relief01.png using Guid(367b1ff053a92429aaf23a5d4e61cfbb) Importer(815301076,1909f56bfc062723c751e8b465ee728b) (PreviewImporter)[Licensing::Client] Successfully resolved entitlement details
 -> (artifact id: 'f2c7d97a3c4488a24f426792280a0508') in 0.104261748 seconds
Number of updated asset objects reloaded before import = 0Number of asset objects unloaded after import = 3

========================================================================
Received Import Request.
  Time since last request: 37.541077 seconds.
  path: Assets/Small Intestine Assets/Tutorial/smallintestine_bg_tutorial.png
  artifactKey: Guid(bff3bab9ff741b842b4dafbbc5f2bcdf) Importer(815301076,1909f56bfc062723c751e8b465ee728b)
Start importing Assets/Small Intestine Assets/Tutorial/smallintestine_bg_tutorial.png using Guid(bff3bab9ff741b842b4dafbbc5f2bcdf) Importer(815301076,1909f56bfc062723c751e8b465ee728b) (PreviewImporter) -> (artifact id: '03ef7452c69de9254602ec79e1aac8c3') in 0.021509146 seconds
Number of updated asset objects reloaded before import = 0Number of asset objects unloaded after import = 2

========================================================================
Received Import Request.
  Time since last request: 0.000206 seconds.
  path: Assets/Small Intestine Assets/Backgrounds/smallintestine_layer1.png
  artifactKey: Guid(4f76f31bebde6184eb7ee6390841c587) Importer(815301076,1909f56bfc062723c751e8b465ee728b)
Start importing Assets/Small Intestine Assets/Backgrounds/smallintestine_layer1.png using Guid(4f76f31bebde6184eb7ee6390841c587) Importer(815301076,1909f56bfc062723c751e8b465ee728b) (PreviewImporter) -> (artifact id: '079bacff0557874898d28713477cbec1') in 0.021689297 seconds
Number of updated asset objects reloaded before import = 0Number of asset objects unloaded after import = 2

========================================================================
Received Import Request.
  Time since last request: 0.002332 seconds.
  path: Assets/Small Intestine Assets/Backgrounds/smallintestine_layer2_mask.png
  artifactKey: Guid(100929aaff39cc547a86186f5567df57) Importer(815301076,1909f56bfc062723c751e8b465ee728b)
Start importing Assets/Small Intestine Assets/Backgrounds/smallintestine_layer2_mask.png using Guid(100929aaff39cc547a86186f5567df57) Importer(815301076,1909f56bfc062723c751e8b465ee728b) (PreviewImporter) -> (artifact id: '80ab8f461d8f5c5c69d085b34ff6f752') in 0.026003431 seconds
Number of updated asset objects reloaded before import = 0Number of asset objects unloaded after import = 2

========================================================================
Received Import Request.
  Time since last request: 0.000920 seconds.
  path: Assets/Materials/smallintestine_odd.mat
  artifactKey: Guid(d6e9434eb25a4a94c8ecbeed5a8807be) Importer(815301076,1909f56bfc062723c751e8b465ee728b)
Start importing Assets/Materials/smallintestine_odd.mat using Guid(d6e9434eb25a4a94c8ecbeed5a8807be) Importer(815301076,1909f56bfc062723c751e8b465ee728b) (PreviewImporter) -> (artifact id: 'e42ae46da8f71435503a65f18181e2ca') in 0.048264465 seconds
Number of updated asset objects reloaded before import = 0Number of asset objects unloaded after import = 3

========================================================================
Received Import Request.
  Time since last request: 0.000180 seconds.
  path: Assets/Small Intestine Assets/Backgrounds/smallintestine_layer3_reversed.png
  artifactKey: Guid(45fbc11bf4eb8e4439dc89d3c5384022) Importer(815301076,1909f56bfc062723c751e8b465ee728b)
Start importing Assets/Small Intestine Assets/Backgrounds/smallintestine_layer3_reversed.png using Guid(45fbc11bf4eb8e4439dc89d3c5384022) Importer(815301076,1909f56bfc062723c751e8b465ee728b) (PreviewImporter) -> (artifact id: '6f5762e670a08f9e5c0e53665a3b0a1c') in 0.01946801 seconds
Number of updated asset objects reloaded before import = 0Number of asset objects unloaded after import = 2

========================================================================
Received Import Request.
  Time since last request: 0.002744 seconds.
  path: Assets/Small Intestine Assets/Backgrounds/smallintestine_layer2_reversed.png
  artifactKey: Guid(9127bd8496f89c64c892f318bdbbbbed) Importer(815301076,1909f56bfc062723c751e8b465ee728b)
Start importing Assets/Small Intestine Assets/Backgrounds/smallintestine_layer2_reversed.png using Guid(9127bd8496f89c64c892f318bdbbbbed) Importer(815301076,1909f56bfc062723c751e8b465ee728b) (PreviewImporter) -> (artifact id: 'ad8ace4ff9f4b0ecf018a0bbbf5a0ba8') in 0.020447538 seconds
Number of updated asset objects reloaded before import = 0Number of asset objects unloaded after import = 2

========================================================================
Received Import Request.
  Time since last request: 0.001553 seconds.
  path: Assets/SoundEffect/water_waterfall_small_003.mp3
  artifactKey: Guid(e4f11166e61984faeb311a82974b5bdb) Importer(815301076,1909f56bfc062723c751e8b465ee728b)
Start importing Assets/SoundEffect/water_waterfall_small_003.mp3 using Guid(e4f11166e61984faeb311a82974b5bdb) Importer(815301076,1909f56bfc062723c751e8b465ee728b) (PreviewImporter) -> (artifact id: '50930ba86f1d1512bc9ae864fe58ee9f') in 0.097998326 seconds
Number of updated asset objects reloaded before import = 0Number of asset objects unloaded after import = 2

========================================================================
Received Import Request.
  Time since last request: 0.000156 seconds.
  path: Assets/Materials/smallintestine_even.mat
  artifactKey: Guid(384a54ed96411f84d8b841f93e1720bc) Importer(815301076,1909f56bfc062723c751e8b465ee728b)
Start importing Assets/Materials/smallintestine_even.mat using Guid(384a54ed96411f84d8b841f93e1720bc) Importer(815301076,1909f56bfc062723c751e8b465ee728b) (PreviewImporter) -> (artifact id: '2dbf66b105be62fa6f37b54131a2fd8f') in 0.022972889 seconds
Number of updated asset objects reloaded before import = 0Number of asset objects unloaded after import = 3

========================================================================
Received Import Request.
  Time since last request: 0.000076 seconds.
  path: Assets/Small Intestine Assets/Backgrounds/smallintestine_layer2.png
  artifactKey: Guid(ab5d683e7a8edb540a1719b75d38c450) Importer(815301076,1909f56bfc062723c751e8b465ee728b)
Start importing Assets/Small Intestine Assets/Backgrounds/smallintestine_layer2.png using Guid(ab5d683e7a8edb540a1719b75d38c450) Importer(815301076,1909f56bfc062723c751e8b465ee728b) (PreviewImporter) -> (artifact id: 'f104f1ba37d574c1304aa317dcd7a131') in 0.018568586 seconds
Number of updated asset objects reloaded before import = 0Number of asset objects unloaded after import = 2

========================================================================
Received Import Request.
  Time since last request: 0.000099 seconds.
  path: Assets/Materials/smallintestine_tutorial.mat
  artifactKey: Guid(c7eb2df6b731e5440b9b50d6ed589c38) Importer(815301076,1909f56bfc062723c751e8b465ee728b)
Start importing Assets/Materials/smallintestine_tutorial.mat using Guid(c7eb2df6b731e5440b9b50d6ed589c38) Importer(815301076,1909f56bfc062723c751e8b465ee728b) (PreviewImporter) -> (artifact id: '17c92cb74606c77f6e518171bfa63bef') in 0.029393809 seconds
Number of updated asset objects reloaded before import = 0Number of asset objects unloaded after import = 3

========================================================================
Received Import Request.
  Time since last request: 0.000063 seconds.
  path: Assets/Materials/smallintestine_wallsandvilli.mat
  artifactKey: Guid(6c79ea98342180044a46273d11cec1e9) Importer(815301076,1909f56bfc062723c751e8b465ee728b)
Start importing Assets/Materials/smallintestine_wallsandvilli.mat using Guid(6c79ea98342180044a46273d11cec1e9) Importer(815301076,1909f56bfc062723c751e8b465ee728b) (PreviewImporter) -> (artifact id: 'e1e961d3227a768163cc8291c419edc4') in 0.397467914 seconds
Number of updated asset objects reloaded before import = 0Number of asset objects unloaded after import = 3

Editor requested this worker to shutdown with reason: Scaling down because of idle timeout
AssetImportWorkerClient::OnTransportError - code=2 error=End of file
AssetImportWorker is now disconnected from the server
Process exiting
